android/app/build/intermediates/manifest_merge_blame_file/debug/processDebugMainManifest/manifest-merger-blame-debug-report.txt
1<?xml version="1.0" encoding="utf-8"?>
2<manifest xmlns:android="http://schemas.android.com/apk/res/android"
3    package="com.boutikcredit.app"
4    android:versionCode="1"
5    android:versionName="1.0.0" >
6
7    <uses-sdk
8        android:minSdkVersion="21"
9        android:targetSdkVersion="34" />
10    <!--
11         The INTERNET permission is required for development. Specifically,
12         the Flutter tool needs it to communicate with the running application
13         to allow setting breakpoints, to provide hot reload, etc.
14    -->
15    <uses-permission android:name="android.permission.INTERNET" />
15-->src/main/AndroidManifest.xml:4:5-66
15-->src/main/AndroidManifest.xml:4:22-64
16    <uses-permission android:name="android.permission.ACCESS_NETWORK_STATE" />
16-->src/main/AndroidManifest.xml:5:5-78
16-->src/main/AndroidManifest.xml:5:22-76
17    <uses-permission android:name="android.permission.VIBRATE" />
17-->src/main/AndroidManifest.xml:6:5-65
17-->src/main/AndroidManifest.xml:6:22-63
18    <uses-permission android:name="android.permission.RECEIVE_BOOT_COMPLETED" />
18-->src/main/AndroidManifest.xml:7:5-80
18-->src/main/AndroidManifest.xml:7:22-78
19    <uses-permission android:name="android.permission.WAKE_LOCK" /> <!-- Permissions options for the `notification` group -->
19-->[:firebase_analytics] AndroidManifest.xml:9:5-68
19-->[:firebase_analytics] AndroidManifest.xml:9:22-65
20    <uses-permission android:name="android.permission.POST_NOTIFICATIONS" /> <!-- Required by older versions of Google Play services to create IID tokens -->
20-->[:firebase_messaging] AndroidManifest.xml:11:5-77
20-->[:firebase_messaging] AndroidManifest.xml:11:22-74
21    <uses-permission android:name="com.google.android.c2dm.permission.RECEIVE" />
21-->[com.google.firebase:firebase-messaging:23.4.1] AndroidManifest.xml:26:5-82
21-->[com.google.firebase:firebase-messaging:23.4.1] AndroidManifest.xml:26:22-79
22    <uses-permission android:name="com.google.android.gms.permission.AD_ID" />
22-->[com.google.android.gms:play-services-measurement-api:21.5.1] AndroidManifest.xml:25:5-79
22-->[com.google.android.gms:play-services-measurement-api:21.5.1] AndroidManifest.xml:25:22-76
23    <uses-permission android:name="android.permission.ACCESS_ADSERVICES_ATTRIBUTION" />
23-->[com.google.android.gms:play-services-measurement-api:21.5.1] AndroidManifest.xml:26:5-88
23-->[com.google.android.gms:play-services-measurement-api:21.5.1] AndroidManifest.xml:26:22-85
24    <uses-permission android:name="android.permission.ACCESS_ADSERVICES_AD_ID" />
24-->[com.google.android.gms:play-services-measurement-api:21.5.1] AndroidManifest.xml:27:5-82
24-->[com.google.android.gms:play-services-measurement-api:21.5.1] AndroidManifest.xml:27:22-79
25    <uses-permission android:name="com.google.android.providers.gsf.permission.READ_GSERVICES" />
25-->[com.google.android.recaptcha:recaptcha:18.4.0] AndroidManifest.xml:9:5-98
25-->[com.google.android.recaptcha:recaptcha:18.4.0] AndroidManifest.xml:9:22-95
26    <uses-permission android:name="com.google.android.finsky.permission.BIND_GET_INSTALL_REFERRER_SERVICE" />
26-->[com.google.android.gms:play-services-measurement:21.5.1] AndroidManifest.xml:26:5-110
26-->[com.google.android.gms:play-services-measurement:21.5.1] AndroidManifest.xml:26:22-107
27
28    <permission
28-->[androidx.core:core:1.13.1] AndroidManifest.xml:22:5-24:47
29        android:name="com.boutikcredit.app.DYNAMIC_RECEIVER_NOT_EXPORTED_PERMISSION"
29-->[androidx.core:core:1.13.1] AndroidManifest.xml:23:9-81
30        android:protectionLevel="signature" />
30-->[androidx.core:core:1.13.1] AndroidManifest.xml:24:9-44
31
32    <uses-permission android:name="com.boutikcredit.app.DYNAMIC_RECEIVER_NOT_EXPORTED_PERMISSION" />
32-->[androidx.core:core:1.13.1] AndroidManifest.xml:26:5-97
32-->[androidx.core:core:1.13.1] AndroidManifest.xml:26:22-94
33
34    <application
35        android:name="android.app.Application"
36        android:allowBackup="false"
37        android:appComponentFactory="androidx.core.app.CoreComponentFactory"
37-->[androidx.core:core:1.13.1] AndroidManifest.xml:28:18-86
38        android:debuggable="true"
39        android:enableOnBackInvokedCallback="true"
40        android:extractNativeLibs="true"
41        android:hardwareAccelerated="true"
42        android:icon="@mipmap/ic_launcher"
43        android:label="BoutikCredit"
44        android:roundIcon="@mipmap/ic_launcher_round" >
45        <activity
46            android:name="com.boutikcredit.app.MainActivity"
47            android:configChanges="orientation|keyboardHidden|keyboard|screenSize|smallestScreenSize|locale|layoutDirection|fontScale|screenLayout|density|uiMode"
48            android:exported="true"
49            android:hardwareAccelerated="true"
50            android:launchMode="singleTop"
51            android:taskAffinity=""
52            android:theme="@style/LaunchTheme"
53            android:windowSoftInputMode="adjustResize" >
54            <meta-data
55                android:name="io.flutter.embedding.android.NormalTheme"
56                android:resource="@style/NormalTheme" />
57
58            <intent-filter>
59                <action android:name="android.intent.action.MAIN" />
60
61                <category android:name="android.intent.category.LAUNCHER" />
62            </intent-filter>
63        </activity>
64
65        <!-- Firebase Cloud Messaging -->
66        <service
67            android:name="com.google.firebase.messaging.FirebaseMessagingService"
68            android:directBootAware="true"
68-->[com.google.firebase:firebase-messaging:23.4.1] AndroidManifest.xml:48:13-43
69            android:exported="false" >
70            <intent-filter>
70-->[:firebase_messaging] AndroidManifest.xml:21:13-23:29
71                <action android:name="com.google.firebase.MESSAGING_EVENT" />
71-->[:firebase_messaging] AndroidManifest.xml:22:17-78
71-->[:firebase_messaging] AndroidManifest.xml:22:25-75
72            </intent-filter>
73            <intent-filter android:priority="-500" >
73-->[:firebase_messaging] AndroidManifest.xml:21:13-23:29
74                <action android:name="com.google.firebase.MESSAGING_EVENT" />
74-->[:firebase_messaging] AndroidManifest.xml:22:17-78
74-->[:firebase_messaging] AndroidManifest.xml:22:25-75
75            </intent-filter>
76        </service>
77
78        <meta-data
79            android:name="flutterEmbedding"
80            android:value="2" />
81
82        <service
82-->[:cloud_firestore] AndroidManifest.xml:8:9-12:19
83            android:name="com.google.firebase.components.ComponentDiscoveryService"
83-->[:cloud_firestore] AndroidManifest.xml:8:18-89
84            android:directBootAware="true"
84-->[com.google.firebase:firebase-common:20.4.2] AndroidManifest.xml:32:13-43
85            android:exported="false" >
85-->[com.google.firebase:firebase-firestore:24.10.3] AndroidManifest.xml:16:13-37
86            <meta-data
86-->[:cloud_firestore] AndroidManifest.xml:9:13-11:85
87                android:name="com.google.firebase.components:io.flutter.plugins.firebase.firestore.FlutterFirebaseFirestoreRegistrar"
87-->[:cloud_firestore] AndroidManifest.xml:10:17-134
88                android:value="com.google.firebase.components.ComponentRegistrar" />
88-->[:cloud_firestore] AndroidManifest.xml:11:17-82
89            <meta-data
89-->[:firebase_analytics] AndroidManifest.xml:13:13-15:85
90                android:name="com.google.firebase.components:io.flutter.plugins.firebase.analytics.FlutterFirebaseAppRegistrar"
90-->[:firebase_analytics] AndroidManifest.xml:14:17-128
91                android:value="com.google.firebase.components.ComponentRegistrar" />
91-->[:firebase_analytics] AndroidManifest.xml:15:17-82
92            <meta-data
92-->[:firebase_auth] AndroidManifest.xml:9:13-11:85
93                android:name="com.google.firebase.components:io.flutter.plugins.firebase.auth.FlutterFirebaseAuthRegistrar"
93-->[:firebase_auth] AndroidManifest.xml:10:17-124
94                android:value="com.google.firebase.components.ComponentRegistrar" />
94-->[:firebase_auth] AndroidManifest.xml:11:17-82
95            <meta-data
95-->[:firebase_messaging] AndroidManifest.xml:36:13-38:85
96                android:name="com.google.firebase.components:io.flutter.plugins.firebase.messaging.FlutterFirebaseAppRegistrar"
96-->[:firebase_messaging] AndroidManifest.xml:37:17-128
97                android:value="com.google.firebase.components.ComponentRegistrar" />
97-->[:firebase_messaging] AndroidManifest.xml:38:17-82
98            <meta-data
98-->[:firebase_core] AndroidManifest.xml:9:13-11:85
99                android:name="com.google.firebase.components:io.flutter.plugins.firebase.core.FlutterFirebaseCoreRegistrar"
99-->[:firebase_core] AndroidManifest.xml:10:17-124
100                android:value="com.google.firebase.components.ComponentRegistrar" />
100-->[:firebase_core] AndroidManifest.xml:11:17-82
101            <meta-data
101-->[com.google.firebase:firebase-firestore:24.10.3] AndroidManifest.xml:17:13-19:85
102                android:name="com.google.firebase.components:com.google.firebase.firestore.FirebaseFirestoreKtxRegistrar"
102-->[com.google.firebase:firebase-firestore:24.10.3] AndroidManifest.xml:18:17-122
103                android:value="com.google.firebase.components.ComponentRegistrar" />
103-->[com.google.firebase:firebase-firestore:24.10.3] AndroidManifest.xml:19:17-82
104            <meta-data
104-->[com.google.firebase:firebase-firestore:24.10.3] AndroidManifest.xml:20:13-22:85
105                android:name="com.google.firebase.components:com.google.firebase.firestore.FirestoreRegistrar"
105-->[com.google.firebase:firebase-firestore:24.10.3] AndroidManifest.xml:21:17-111
106                android:value="com.google.firebase.components.ComponentRegistrar" />
106-->[com.google.firebase:firebase-firestore:24.10.3] AndroidManifest.xml:22:17-82
107            <meta-data
107-->[com.google.firebase:firebase-messaging:23.4.1] AndroidManifest.xml:57:13-59:85
108                android:name="com.google.firebase.components:com.google.firebase.messaging.FirebaseMessagingKtxRegistrar"
108-->[com.google.firebase:firebase-messaging:23.4.1] AndroidManifest.xml:58:17-122
109                android:value="com.google.firebase.components.ComponentRegistrar" />
109-->[com.google.firebase:firebase-messaging:23.4.1] AndroidManifest.xml:59:17-82
110            <meta-data
110-->[com.google.firebase:firebase-messaging:23.4.1] AndroidManifest.xml:60:13-62:85
111                android:name="com.google.firebase.components:com.google.firebase.messaging.FirebaseMessagingRegistrar"
111-->[com.google.firebase:firebase-messaging:23.4.1] AndroidManifest.xml:61:17-119
112                android:value="com.google.firebase.components.ComponentRegistrar" />
112-->[com.google.firebase:firebase-messaging:23.4.1] AndroidManifest.xml:62:17-82
113            <meta-data
113-->[com.google.android.gms:play-services-measurement-api:21.5.1] AndroidManifest.xml:37:13-39:85
114                android:name="com.google.firebase.components:com.google.firebase.analytics.connector.internal.AnalyticsConnectorRegistrar"
114-->[com.google.android.gms:play-services-measurement-api:21.5.1] AndroidManifest.xml:38:17-139
115                android:value="com.google.firebase.components.ComponentRegistrar" />
115-->[com.google.android.gms:play-services-measurement-api:21.5.1] AndroidManifest.xml:39:17-82
116            <meta-data
116-->[com.google.firebase:firebase-auth:22.3.1] AndroidManifest.xml:69:13-71:85
117                android:name="com.google.firebase.components:com.google.firebase.auth.FirebaseAuthRegistrar"
117-->[com.google.firebase:firebase-auth:22.3.1] AndroidManifest.xml:70:17-109
118                android:value="com.google.firebase.components.ComponentRegistrar" />
118-->[com.google.firebase:firebase-auth:22.3.1] AndroidManifest.xml:71:17-82
119            <meta-data
119-->[com.google.firebase:firebase-iid:21.1.0] AndroidManifest.xml:32:13-34:85
120                android:name="com.google.firebase.components:com.google.firebase.iid.Registrar"
120-->[com.google.firebase:firebase-iid:21.1.0] AndroidManifest.xml:33:17-96
121                android:value="com.google.firebase.components.ComponentRegistrar" />
121-->[com.google.firebase:firebase-iid:21.1.0] AndroidManifest.xml:34:17-82
122            <meta-data
122-->[com.google.firebase:firebase-installations:17.2.0] AndroidManifest.xml:15:13-17:85
123                android:name="com.google.firebase.components:com.google.firebase.installations.FirebaseInstallationsKtxRegistrar"
123-->[com.google.firebase:firebase-installations:17.2.0] AndroidManifest.xml:16:17-130
124                android:value="com.google.firebase.components.ComponentRegistrar" />
124-->[com.google.firebase:firebase-installations:17.2.0] AndroidManifest.xml:17:17-82
125            <meta-data
125-->[com.google.firebase:firebase-installations:17.2.0] AndroidManifest.xml:18:13-20:85
126                android:name="com.google.firebase.components:com.google.firebase.installations.FirebaseInstallationsRegistrar"
126-->[com.google.firebase:firebase-installations:17.2.0] AndroidManifest.xml:19:17-127
127                android:value="com.google.firebase.components.ComponentRegistrar" />
127-->[com.google.firebase:firebase-installations:17.2.0] AndroidManifest.xml:20:17-82
128            <meta-data
128-->[com.google.firebase:firebase-common-ktx:20.4.2] AndroidManifest.xml:12:13-14:85
129                android:name="com.google.firebase.components:com.google.firebase.ktx.FirebaseCommonLegacyRegistrar"
129-->[com.google.firebase:firebase-common-ktx:20.4.2] AndroidManifest.xml:13:17-116
130                android:value="com.google.firebase.components.ComponentRegistrar" />
130-->[com.google.firebase:firebase-common-ktx:20.4.2] AndroidManifest.xml:14:17-82
131            <meta-data
131-->[com.google.firebase:firebase-common:20.4.2] AndroidManifest.xml:35:13-37:85
132                android:name="com.google.firebase.components:com.google.firebase.FirebaseCommonKtxRegistrar"
132-->[com.google.firebase:firebase-common:20.4.2] AndroidManifest.xml:36:17-109
133                android:value="com.google.firebase.components.ComponentRegistrar" />
133-->[com.google.firebase:firebase-common:20.4.2] AndroidManifest.xml:37:17-82
134            <meta-data
134-->[com.google.firebase:firebase-datatransport:18.1.7] AndroidManifest.xml:27:13-29:85
135                android:name="com.google.firebase.components:com.google.firebase.datatransport.TransportRegistrar"
135-->[com.google.firebase:firebase-datatransport:18.1.7] AndroidManifest.xml:28:17-115
136                android:value="com.google.firebase.components.ComponentRegistrar" />
136-->[com.google.firebase:firebase-datatransport:18.1.7] AndroidManifest.xml:29:17-82
137        </service>
138        <service
138-->[:firebase_messaging] AndroidManifest.xml:14:9-17:72
139            android:name="io.flutter.plugins.firebase.messaging.FlutterFirebaseMessagingBackgroundService"
139-->[:firebase_messaging] AndroidManifest.xml:15:13-107
140            android:exported="false"
140-->[:firebase_messaging] AndroidManifest.xml:16:13-37
141            android:permission="android.permission.BIND_JOB_SERVICE" />
141-->[:firebase_messaging] AndroidManifest.xml:17:13-69
142        <service
142-->[:firebase_messaging] AndroidManifest.xml:18:9-24:19
143            android:name="io.flutter.plugins.firebase.messaging.FlutterFirebaseMessagingService"
143-->[:firebase_messaging] AndroidManifest.xml:19:13-97
144            android:exported="false" >
144-->[:firebase_messaging] AndroidManifest.xml:20:13-37
145            <intent-filter>
145-->[:firebase_messaging] AndroidManifest.xml:21:13-23:29
146                <action android:name="com.google.firebase.MESSAGING_EVENT" />
146-->[:firebase_messaging] AndroidManifest.xml:22:17-78
146-->[:firebase_messaging] AndroidManifest.xml:22:25-75
147            </intent-filter>
148        </service>
149
150        <receiver
150-->[:firebase_messaging] AndroidManifest.xml:26:9-33:20
151            android:name="io.flutter.plugins.firebase.messaging.FlutterFirebaseMessagingReceiver"
151-->[:firebase_messaging] AndroidManifest.xml:27:13-98
152            android:exported="true"
152-->[:firebase_messaging] AndroidManifest.xml:28:13-36
153            android:permission="com.google.android.c2dm.permission.SEND" >
153-->[:firebase_messaging] AndroidManifest.xml:29:13-73
154            <intent-filter>
154-->[:firebase_messaging] AndroidManifest.xml:30:13-32:29
155                <action android:name="com.google.android.c2dm.intent.RECEIVE" />
155-->[:firebase_messaging] AndroidManifest.xml:31:17-81
155-->[:firebase_messaging] AndroidManifest.xml:31:25-78
156            </intent-filter>
157        </receiver>
158
159        <provider
159-->[:firebase_messaging] AndroidManifest.xml:41:9-45:38
160            android:name="io.flutter.plugins.firebase.messaging.FlutterFirebaseMessagingInitProvider"
160-->[:firebase_messaging] AndroidManifest.xml:42:13-102
161            android:authorities="com.boutikcredit.app.flutterfirebasemessaginginitprovider"
161-->[:firebase_messaging] AndroidManifest.xml:43:13-88
162            android:exported="false"
162-->[:firebase_messaging] AndroidManifest.xml:44:13-37
163            android:initOrder="99" />
163-->[:firebase_messaging] AndroidManifest.xml:45:13-35
164
165        <receiver
165-->[com.google.firebase:firebase-messaging:23.4.1] AndroidManifest.xml:29:9-40:20
166            android:name="com.google.firebase.iid.FirebaseInstanceIdReceiver"
166-->[com.google.firebase:firebase-messaging:23.4.1] AndroidManifest.xml:30:13-78
167            android:exported="true"
167-->[com.google.firebase:firebase-messaging:23.4.1] AndroidManifest.xml:31:13-36
168            android:permission="com.google.android.c2dm.permission.SEND" >
168-->[com.google.firebase:firebase-messaging:23.4.1] AndroidManifest.xml:32:13-73
169            <intent-filter>
169-->[:firebase_messaging] AndroidManifest.xml:30:13-32:29
170                <action android:name="com.google.android.c2dm.intent.RECEIVE" />
170-->[:firebase_messaging] AndroidManifest.xml:31:17-81
170-->[:firebase_messaging] AndroidManifest.xml:31:25-78
171            </intent-filter>
172
173            <meta-data
173-->[com.google.firebase:firebase-messaging:23.4.1] AndroidManifest.xml:37:13-39:40
174                android:name="com.google.android.gms.cloudmessaging.FINISHED_AFTER_HANDLED"
174-->[com.google.firebase:firebase-messaging:23.4.1] AndroidManifest.xml:38:17-92
175                android:value="true" />
175-->[com.google.firebase:firebase-messaging:23.4.1] AndroidManifest.xml:39:17-37
176        </receiver>
177
178        <property
178-->[com.google.android.gms:play-services-measurement-api:21.5.1] AndroidManifest.xml:30:9-32:61
179            android:name="android.adservices.AD_SERVICES_CONFIG"
179-->[com.google.android.gms:play-services-measurement-api:21.5.1] AndroidManifest.xml:31:13-65
180            android:resource="@xml/ga_ad_services_config" />
180-->[com.google.android.gms:play-services-measurement-api:21.5.1] AndroidManifest.xml:32:13-58
181
182        <activity
182-->[com.google.firebase:firebase-auth:22.3.1] AndroidManifest.xml:29:9-46:20
183            android:name="com.google.firebase.auth.internal.GenericIdpActivity"
183-->[com.google.firebase:firebase-auth:22.3.1] AndroidManifest.xml:30:13-80
184            android:excludeFromRecents="true"
184-->[com.google.firebase:firebase-auth:22.3.1] AndroidManifest.xml:31:13-46
185            android:exported="true"
185-->[com.google.firebase:firebase-auth:22.3.1] AndroidManifest.xml:32:13-36
186            android:launchMode="singleTask"
186-->[com.google.firebase:firebase-auth:22.3.1] AndroidManifest.xml:33:13-44
187            android:theme="@android:style/Theme.Translucent.NoTitleBar" >
187-->[com.google.firebase:firebase-auth:22.3.1] AndroidManifest.xml:34:13-72
188            <intent-filter>
188-->[com.google.firebase:firebase-auth:22.3.1] AndroidManifest.xml:35:13-45:29
189                <action android:name="android.intent.action.VIEW" />
189-->[com.google.firebase:firebase-auth:22.3.1] AndroidManifest.xml:36:17-69
189-->[com.google.firebase:firebase-auth:22.3.1] AndroidManifest.xml:36:25-66
190
191                <category android:name="android.intent.category.DEFAULT" />
191-->[com.google.firebase:firebase-auth:22.3.1] AndroidManifest.xml:38:17-76
191-->[com.google.firebase:firebase-auth:22.3.1] AndroidManifest.xml:38:27-73
192                <category android:name="android.intent.category.BROWSABLE" />
192-->[com.google.firebase:firebase-auth:22.3.1] AndroidManifest.xml:39:17-78
192-->[com.google.firebase:firebase-auth:22.3.1] AndroidManifest.xml:39:27-75
193
194                <data
194-->[com.google.firebase:firebase-auth:22.3.1] AndroidManifest.xml:41:17-44:51
195                    android:host="firebase.auth"
195-->[com.google.firebase:firebase-auth:22.3.1] AndroidManifest.xml:42:21-49
196                    android:path="/"
196-->[com.google.firebase:firebase-auth:22.3.1] AndroidManifest.xml:43:21-37
197                    android:scheme="genericidp" />
197-->[com.google.firebase:firebase-auth:22.3.1] AndroidManifest.xml:44:21-48
198            </intent-filter>
199        </activity>
200        <activity
200-->[com.google.firebase:firebase-auth:22.3.1] AndroidManifest.xml:47:9-64:20
201            android:name="com.google.firebase.auth.internal.RecaptchaActivity"
201-->[com.google.firebase:firebase-auth:22.3.1] AndroidManifest.xml:48:13-79
202            android:excludeFromRecents="true"
202-->[com.google.firebase:firebase-auth:22.3.1] AndroidManifest.xml:49:13-46
203            android:exported="true"
203-->[com.google.firebase:firebase-auth:22.3.1] AndroidManifest.xml:50:13-36
204            android:launchMode="singleTask"
204-->[com.google.firebase:firebase-auth:22.3.1] AndroidManifest.xml:51:13-44
205            android:theme="@android:style/Theme.Translucent.NoTitleBar" >
205-->[com.google.firebase:firebase-auth:22.3.1] AndroidManifest.xml:52:13-72
206            <intent-filter>
206-->[com.google.firebase:firebase-auth:22.3.1] AndroidManifest.xml:53:13-63:29
207                <action android:name="android.intent.action.VIEW" />
207-->[com.google.firebase:firebase-auth:22.3.1] AndroidManifest.xml:36:17-69
207-->[com.google.firebase:firebase-auth:22.3.1] AndroidManifest.xml:36:25-66
208
209                <category android:name="android.intent.category.DEFAULT" />
209-->[com.google.firebase:firebase-auth:22.3.1] AndroidManifest.xml:38:17-76
209-->[com.google.firebase:firebase-auth:22.3.1] AndroidManifest.xml:38:27-73
210                <category android:name="android.intent.category.BROWSABLE" />
210-->[com.google.firebase:firebase-auth:22.3.1] AndroidManifest.xml:39:17-78
210-->[com.google.firebase:firebase-auth:22.3.1] AndroidManifest.xml:39:27-75
211
212                <data
212-->[com.google.firebase:firebase-auth:22.3.1] AndroidManifest.xml:41:17-44:51
213                    android:host="firebase.auth"
213-->[com.google.firebase:firebase-auth:22.3.1] AndroidManifest.xml:42:21-49
214                    android:path="/"
214-->[com.google.firebase:firebase-auth:22.3.1] AndroidManifest.xml:43:21-37
215                    android:scheme="recaptcha" />
215-->[com.google.firebase:firebase-auth:22.3.1] AndroidManifest.xml:44:21-48
216            </intent-filter>
217        </activity>
218        <!--
219           Declares a provider which allows us to store files to share in
220           '.../caches/share_plus' and grant the receiving action access
221        -->
222        <provider
222-->[:share_plus] AndroidManifest.xml:13:9-21:20
223            android:name="dev.fluttercommunity.plus.share.ShareFileProvider"
223-->[:share_plus] AndroidManifest.xml:14:13-77
224            android:authorities="com.boutikcredit.app.flutter.share_provider"
224-->[:share_plus] AndroidManifest.xml:15:13-74
225            android:exported="false"
225-->[:share_plus] AndroidManifest.xml:16:13-37
226            android:grantUriPermissions="true" >
226-->[:share_plus] AndroidManifest.xml:17:13-47
227            <meta-data
227-->[:share_plus] AndroidManifest.xml:18:13-20:68
228                android:name="android.support.FILE_PROVIDER_PATHS"
228-->[:share_plus] AndroidManifest.xml:19:17-67
229                android:resource="@xml/flutter_share_file_paths" />
229-->[:share_plus] AndroidManifest.xml:20:17-65
230        </provider>
231        <!--
232           This manifest declared broadcast receiver allows us to use an explicit
233           Intent when creating a PendingItent to be informed of the user's choice
234        -->
235        <receiver
235-->[:share_plus] AndroidManifest.xml:26:9-32:20
236            android:name="dev.fluttercommunity.plus.share.SharePlusPendingIntent"
236-->[:share_plus] AndroidManifest.xml:27:13-82
237            android:exported="false" >
237-->[:share_plus] AndroidManifest.xml:28:13-37
238            <intent-filter>
238-->[:share_plus] AndroidManifest.xml:29:13-31:29
239                <action android:name="EXTRA_CHOSEN_COMPONENT" />
239-->[:share_plus] AndroidManifest.xml:30:17-65
239-->[:share_plus] AndroidManifest.xml:30:25-62
240            </intent-filter>
241        </receiver>
242
243        <activity
243-->[:url_launcher_android] AndroidManifest.xml:8:9-11:74
244            android:name="io.flutter.plugins.urllauncher.WebViewActivity"
244-->[:url_launcher_android] AndroidManifest.xml:9:13-74
245            android:exported="false"
245-->[:url_launcher_android] AndroidManifest.xml:10:13-37
246            android:theme="@android:style/Theme.NoTitleBar.Fullscreen" />
246-->[:url_launcher_android] AndroidManifest.xml:11:13-71
247
248        <receiver
248-->[com.google.android.gms:play-services-measurement:21.5.1] AndroidManifest.xml:29:9-33:20
249            android:name="com.google.android.gms.measurement.AppMeasurementReceiver"
249-->[com.google.android.gms:play-services-measurement:21.5.1] AndroidManifest.xml:30:13-85
250            android:enabled="true"
250-->[com.google.android.gms:play-services-measurement:21.5.1] AndroidManifest.xml:31:13-35
251            android:exported="false" >
251-->[com.google.android.gms:play-services-measurement:21.5.1] AndroidManifest.xml:32:13-37
252        </receiver>
253
254        <service
254-->[com.google.android.gms:play-services-measurement:21.5.1] AndroidManifest.xml:35:9-38:40
255            android:name="com.google.android.gms.measurement.AppMeasurementService"
255-->[com.google.android.gms:play-services-measurement:21.5.1] AndroidManifest.xml:36:13-84
256            android:enabled="true"
256-->[com.google.android.gms:play-services-measurement:21.5.1] AndroidManifest.xml:37:13-35
257            android:exported="false" />
257-->[com.google.android.gms:play-services-measurement:21.5.1] AndroidManifest.xml:38:13-37
258        <service
258-->[com.google.android.gms:play-services-measurement:21.5.1] AndroidManifest.xml:39:9-43:72
259            android:name="com.google.android.gms.measurement.AppMeasurementJobService"
259-->[com.google.android.gms:play-services-measurement:21.5.1] AndroidManifest.xml:40:13-87
260            android:enabled="true"
260-->[com.google.android.gms:play-services-measurement:21.5.1] AndroidManifest.xml:41:13-35
261            android:exported="false"
261-->[com.google.android.gms:play-services-measurement:21.5.1] AndroidManifest.xml:42:13-37
262            android:permission="android.permission.BIND_JOB_SERVICE" />
262-->[com.google.android.gms:play-services-measurement:21.5.1] AndroidManifest.xml:43:13-69
263
264        <provider
264-->[com.google.firebase:firebase-common:20.4.2] AndroidManifest.xml:23:9-28:39
265            android:name="com.google.firebase.provider.FirebaseInitProvider"
265-->[com.google.firebase:firebase-common:20.4.2] AndroidManifest.xml:24:13-77
266            android:authorities="com.boutikcredit.app.firebaseinitprovider"
266-->[com.google.firebase:firebase-common:20.4.2] AndroidManifest.xml:25:13-72
267            android:directBootAware="true"
267-->[com.google.firebase:firebase-common:20.4.2] AndroidManifest.xml:26:13-43
268            android:exported="false"
268-->[com.google.firebase:firebase-common:20.4.2] AndroidManifest.xml:27:13-37
269            android:initOrder="100" />
269-->[com.google.firebase:firebase-common:20.4.2] AndroidManifest.xml:28:13-36
270
271        <activity
271-->[com.google.android.gms:play-services-base:18.0.1] AndroidManifest.xml:20:9-22:45
272            android:name="com.google.android.gms.common.api.GoogleApiActivity"
272-->[com.google.android.gms:play-services-base:18.0.1] AndroidManifest.xml:20:19-85
273            android:exported="false"
273-->[com.google.android.gms:play-services-base:18.0.1] AndroidManifest.xml:22:19-43
274            android:theme="@android:style/Theme.Translucent.NoTitleBar" />
274-->[com.google.android.gms:play-services-base:18.0.1] AndroidManifest.xml:21:19-78
275
276        <uses-library
276-->[androidx.window:window:1.2.0] AndroidManifest.xml:23:9-25:40
277            android:name="androidx.window.extensions"
277-->[androidx.window:window:1.2.0] AndroidManifest.xml:24:13-54
278            android:required="false" />
278-->[androidx.window:window:1.2.0] AndroidManifest.xml:25:13-37
279        <uses-library
279-->[androidx.window:window:1.2.0] AndroidManifest.xml:26:9-28:40
280            android:name="androidx.window.sidecar"
280-->[androidx.window:window:1.2.0] AndroidManifest.xml:27:13-51
281            android:required="false" />
281-->[androidx.window:window:1.2.0] AndroidManifest.xml:28:13-37
282        <uses-library
282-->[androidx.privacysandbox.ads:ads-adservices:1.0.0-beta05] AndroidManifest.xml:23:9-25:40
283            android:name="android.ext.adservices"
283-->[androidx.privacysandbox.ads:ads-adservices:1.0.0-beta05] AndroidManifest.xml:24:13-50